02-25 19:17:18 com_github_MitjaNemec_ReplicateLayout.action_replicate_layout 312:Plugin executed on: 'linux'
02-25 19:17:18 com_github_MitjaNemec_ReplicateLayout.action_replicate_layout 313:Plugin executed with python version: '3.10.9 (main, Dec 19 2022, 17:35:49) [GCC 12.2.0]'
02-25 19:17:18 com_github_MitjaNemec_ReplicateLayout.action_replicate_layout 314:KiCad build version: (6.0.11)
02-25 19:17:18 com_github_MitjaNemec_ReplicateLayout.action_replicate_layout 315:Plugin version: 1.2.2
02-25 19:17:18 com_github_MitjaNemec_ReplicateLayout.action_replicate_layout 316:Frame repr: <wx._core.Frame object at 0x7f52778c6c20>
02-25 19:17:18 com_github_MitjaNemec_ReplicateLayout.action_replicate_layout 340:Preparing replicator with U3 as a reference
02-25 19:17:18 com_github_MitjaNemec_ReplicateLayout.replicate_layout 106:getting a list of all footprints on board
02-25 19:17:18 com_github_MitjaNemec_ReplicateLayout.action_replicate_layout 364:source anchor footprint is 'U3'
Located on: ['8bitmask']
With filenames: ['8bitmask.kicad_sch']
With sheet_id:['8bitmask']
02-25 19:17:18 com_github_MitjaNemec_ReplicateLayout.action_replicate_layout 371:Corresponding footprints are 
[('U12', ['8bitmask3']), ('U9', ['8bitmask2']), ('U6', ['8bitmask1']), ('U3', ['8bitmask'])]
02-25 19:17:18 com_github_MitjaNemec_ReplicateLayout.action_replicate_layout 383:Showing dialog
02-25 19:17:18 com_github_MitjaNemec_ReplicateLayout.replicate_layout 344:constructing a list of sheets suitable for replication on level:'8bitmask', file:'8bitmask.kicad_sch'
02-25 19:17:18 com_github_MitjaNemec_ReplicateLayout.replicate_layout 381:suitable sheets are:[['8bitmask1'], ['8bitmask2'], ['8bitmask3']]
02-25 19:17:18 com_github_MitjaNemec_ReplicateLayout.replicate_layout 1112:Level selected: ['8bitmask']
02-25 19:17:18 com_github_MitjaNemec_ReplicateLayout.action_replicate_layout 389:Toolbar position: wx.Point(6365, 262)
02-25 19:17:18 com_github_MitjaNemec_ReplicateLayout.action_replicate_layout 395:Dialog position: wx.Point(6001, 262)
02-25 19:17:30 com_github_MitjaNemec_ReplicateLayout.replicate_layout 344:constructing a list of sheets suitable for replication on level:'8bitmask', file:'8bitmask.kicad_sch'
02-25 19:17:30 com_github_MitjaNemec_ReplicateLayout.replicate_layout 381:suitable sheets are:[['8bitmask1'], ['8bitmask2'], ['8bitmask3']]
02-25 19:17:30 com_github_MitjaNemec_ReplicateLayout.action_replicate_layout 170:Replicating layout
02-25 19:17:30 com_github_MitjaNemec_ReplicateLayout.replicate_layout 154:Starting replication of sheets: [['8bitmask1'], ['8bitmask2'], ['8bitmask3']]
on level: ['8bitmask']
with tracks=True, zone=True, text=True, text=True, containing=True, remove=False, locked footprints=False, by_group=False
02-25 19:17:30 root 252:updating GUI message: 'Preparing for replication'
02-25 19:17:30 root 257:updating GUI with: 0
02-25 19:17:30 com_github_MitjaNemec_ReplicateLayout.replicate_layout 224:Getting the list of source footprints
02-25 19:17:30 root 257:updating GUI with: 0
02-25 19:17:30 com_github_MitjaNemec_ReplicateLayout.replicate_layout 239:Getting the list of all the remaining footprints
02-25 19:17:30 com_github_MitjaNemec_ReplicateLayout.replicate_layout 244:Getting nets local to source footprints
02-25 19:17:30 com_github_MitjaNemec_ReplicateLayout.replicate_layout 247:Getting source bounding box
02-25 19:17:30 com_github_MitjaNemec_ReplicateLayout.replicate_layout 251:Getting source tracks
02-25 19:17:30 com_github_MitjaNemec_ReplicateLayout.replicate_layout 266:Getting source zones
02-25 19:17:30 com_github_MitjaNemec_ReplicateLayout.replicate_layout 275:Getting source text items
02-25 19:17:30 com_github_MitjaNemec_ReplicateLayout.replicate_layout 284:Getting source drawing items
02-25 19:17:30 root 252:updating GUI message: 'Replicating footprints'
02-25 19:17:30 com_github_MitjaNemec_ReplicateLayout.replicate_layout 678:Replicating footprints
02-25 19:17:30 root 257:updating GUI with: 0
02-25 19:17:30 com_github_MitjaNemec_ReplicateLayout.replicate_layout 684:Replicating footprints on sheet ['8bitmask1']
02-25 19:17:30 com_github_MitjaNemec_ReplicateLayout.replicate_layout 684:Replicating footprints on sheet ['8bitmask2']
02-25 19:17:30 com_github_MitjaNemec_ReplicateLayout.replicate_layout 684:Replicating footprints on sheet ['8bitmask3']
02-25 19:17:30 root 252:updating GUI message: 'Replicating tracks'
02-25 19:17:30 com_github_MitjaNemec_ReplicateLayout.replicate_layout 844:Replicating tracks
02-25 19:17:30 root 257:updating GUI with: 0
02-25 19:17:30 com_github_MitjaNemec_ReplicateLayout.replicate_layout 850:Replicating tracks on sheet ['8bitmask1']
02-25 19:17:30 com_github_MitjaNemec_ReplicateLayout.replicate_layout 850:Replicating tracks on sheet ['8bitmask2']
02-25 19:17:30 root 257:updating GUI with: 64
02-25 19:17:30 root 257:updating GUI with: 64
02-25 19:17:30 com_github_MitjaNemec_ReplicateLayout.replicate_layout 850:Replicating tracks on sheet ['8bitmask3']
02-25 19:17:30 root 252:updating GUI message: 'Replicating zones'
02-25 19:17:30 com_github_MitjaNemec_ReplicateLayout.replicate_layout 909:Replicating zones
02-25 19:17:30 root 257:updating GUI with: 0
02-25 19:17:30 com_github_MitjaNemec_ReplicateLayout.replicate_layout 916:Replicating zones on sheet ['8bitmask1']
02-25 19:17:30 com_github_MitjaNemec_ReplicateLayout.replicate_layout 916:Replicating zones on sheet ['8bitmask2']
02-25 19:17:30 com_github_MitjaNemec_ReplicateLayout.replicate_layout 916:Replicating zones on sheet ['8bitmask3']
02-25 19:17:30 root 252:updating GUI message: 'Replicating text'
02-25 19:17:30 com_github_MitjaNemec_ReplicateLayout.replicate_layout 985:Replicating text
02-25 19:17:30 root 257:updating GUI with: 0
02-25 19:17:30 com_github_MitjaNemec_ReplicateLayout.replicate_layout 992:Replicating text on sheet ['8bitmask1']
02-25 19:17:30 com_github_MitjaNemec_ReplicateLayout.replicate_layout 992:Replicating text on sheet ['8bitmask2']
02-25 19:17:30 com_github_MitjaNemec_ReplicateLayout.replicate_layout 992:Replicating text on sheet ['8bitmask3']
02-25 19:17:30 root 252:updating GUI message: 'Replicating drawings'
02-25 19:17:30 com_github_MitjaNemec_ReplicateLayout.replicate_layout 1032:Replicating drawings
02-25 19:17:30 com_github_MitjaNemec_ReplicateLayout.replicate_layout 1038:Replicating drawings on sheet ['8bitmask1']
02-25 19:17:30 com_github_MitjaNemec_ReplicateLayout.replicate_layout 1038:Replicating drawings on sheet ['8bitmask2']
02-25 19:17:30 com_github_MitjaNemec_ReplicateLayout.replicate_layout 1038:Replicating drawings on sheet ['8bitmask3']
02-25 19:17:30 com_github_MitjaNemec_ReplicateLayout.action_replicate_layout 190:Replication complete
